-- Found ament_cmake: 1.3.9 (/opt/ros/humble/share/ament_cmake/cmake)
-- Found Python3: /usr/bin/python3 (found version "3.10.12") found components: Interpreter 
-- Found rclcpp: 16.0.9 (/opt/ros/humble/share/rclcpp/cmake)
-- Found rosidl_generator_c: 3.1.5 (/opt/ros/humble/share/rosidl_generator_c/cmake)
-- Found rosidl_adapter: 3.1.5 (/opt/ros/humble/share/rosidl_adapter/cmake)
-- Found rosidl_generator_cpp: 3.1.5 (/opt/ros/humble/share/rosidl_generator_cpp/cmake)
-- Using all available rosidl_typesupport_c: rosidl_typesupport_fastrtps_c;rosidl_typesupport_introspection_c
-- Using all available rosidl_typesupport_cpp: rosidl_typesupport_fastrtps_cpp;rosidl_typesupport_introspection_cpp
-- Found rmw_implementation_cmake: 6.1.2 (/opt/ros/humble/share/rmw_implementation_cmake/cmake)
-- Found rmw_fastrtps_cpp: 6.2.6 (/opt/ros/humble/share/rmw_fastrtps_cpp/cmake)
-- Found OpenSSL: /usr/lib/x86_64-linux-gnu/libcrypto.so (found version "3.0.2")  
-- Found FastRTPS: /opt/ros/humble/include  
-- Using RMW implementation 'rmw_fastrtps_cpp' as default
-- Looking for pthread.h
-- Looking for pthread.h - found
-- Performing Test CMAKE_HAVE_LIBC_PTHREAD
-- Performing Test CMAKE_HAVE_LIBC_PTHREAD - Success
-- Found Threads: TRUE  
-- Found sensor_msgs: 4.2.4 (/opt/ros/humble/share/sensor_msgs/cmake)
-- Found vision_msgs: 4.1.1 (/opt/ros/humble/share/vision_msgs/cmake)
-- Found rosidl_default_generators: 1.2.0 (/opt/ros/humble/share/rosidl_default_generators/cmake)
-- Configuring done
-- Generating done
-- Build files have been written to: /home/yunhajo/yolov7-ros/build/yolov7_ros
-- Install configuration: ""
-- Installing: /home/yunhajo/yolov7-ros/install/yolov7_ros/lib/yolov7_ros/detect_ros.py
-- Up-to-date: /home/yunhajo/yolov7-ros/install/yolov7_ros/share/yolov7_ros/
-- Installing: /home/yunhajo/yolov7-ros/install/yolov7_ros/share/yolov7_ros//yolov7.launch
-- Installing: /home/yunhajo/yolov7-ros/install/yolov7_ros/share/ament_index/resource_index/package_run_dependencies/yolov7_ros
-- Installing: /home/yunhajo/yolov7-ros/install/yolov7_ros/share/ament_index/resource_index/parent_prefix_path/yolov7_ros
-- Installing: /home/yunhajo/yolov7-ros/install/yolov7_ros/share/yolov7_ros/environment/ament_prefix_path.sh
-- Installing: /home/yunhajo/yolov7-ros/install/yolov7_ros/share/yolov7_ros/environment/ament_prefix_path.dsv
-- Installing: /home/yunhajo/yolov7-ros/install/yolov7_ros/share/yolov7_ros/environment/path.sh
-- Installing: /home/yunhajo/yolov7-ros/install/yolov7_ros/share/yolov7_ros/environment/path.dsv
-- Installing: /home/yunhajo/yolov7-ros/install/yolov7_ros/share/yolov7_ros/local_setup.bash
-- Installing: /home/yunhajo/yolov7-ros/install/yolov7_ros/share/yolov7_ros/local_setup.sh
-- Installing: /home/yunhajo/yolov7-ros/install/yolov7_ros/share/yolov7_ros/local_setup.zsh
-- Installing: /home/yunhajo/yolov7-ros/install/yolov7_ros/share/yolov7_ros/local_setup.dsv
-- Installing: /home/yunhajo/yolov7-ros/install/yolov7_ros/share/yolov7_ros/package.dsv
-- Installing: /home/yunhajo/yolov7-ros/install/yolov7_ros/share/ament_index/resource_index/packages/yolov7_ros
-- Installing: /home/yunhajo/yolov7-ros/install/yolov7_ros/share/yolov7_ros/cmake/yolov7_rosConfig.cmake
-- Installing: /home/yunhajo/yolov7-ros/install/yolov7_ros/share/yolov7_ros/cmake/yolov7_rosConfig-version.cmake
-- Installing: /home/yunhajo/yolov7-ros/install/yolov7_ros/share/yolov7_ros/package.xml
